<?xml version="1.0" encoding="UTF-8"?>
<!-- Generated by org.testng.reporters.JUnitReportReporter -->
<testsuite hostname="DESKTOP-23NNLMD" failures="0" tests="1" name="Com.SeleniumPartTwo.FaceBookLinks" time="0.787" errors="0" timestamp="2021-12-21T11:48:42 CST" skipped="0">
  <testcase classname="Com.SeleniumPartTwo.FaceBookLinks" name="findlinks" time="0.787"/>
  <system-out/>
</testsuite> <!-- Com.SeleniumPartTwo.FaceBookLinks -->
