<?xml version="1.0" encoding="UTF-8"?>
<!-- Generated by org.testng.reporters.JUnitReportReporter -->
<testsuite hostname="DESKTOP-23NNLMD" failures="0" tests="1" name="Com.SeleniumPartTwo.NewTest" time="0.899" errors="0" timestamp="2021-12-21T11:36:21 CST" skipped="0">
  <testcase classname="Com.SeleniumPartTwo.NewTest" name="findlinks" time="0.899"/>
  <system-out/>
</testsuite> <!-- Com.SeleniumPartTwo.NewTest -->
